2025-07-09T08:04:21.915-05:00  INFO 94794 --- [spring-boot-2-7-8-spring-security-5-oauth2-multitenant-restless-api-resource-server] [main] nantRestlessApiResourceServerApplication : Starting SpringBoot278SpringSecurity5Oauth2MultitenantRestlessApiResourceServerApplication v0.0.1-SNAPSHOT using Java 21.0.6 with PID 94794 (/Users/bdatta/Documents/KEYCLOAK_UPGRADE/TokenExchange/spring-boot-2-7-8-spring-security-5-oauth2-multitenant-restless-api-resource-server/target/spring-boot-2-7-8-spring-security-5-oauth2-multitenant-restless-api-resource-server-0.0.1-SNAPSHOT.jar started by bdatta in /Users/bdatta/Documents/KEYCLOAK_UPGRADE/TokenExchange/spring-boot-2-7-8-spring-security-5-oauth2-multitenant-restless-api-resource-server)
2025-07-09T08:04:21.921-05:00  INFO 94794 --- [spring-boot-2-7-8-spring-security-5-oauth2-multitenant-restless-api-resource-server] [main] nantRestlessApiResourceServerApplication : The following 1 profile is active: "dynamic"
2025-07-09T08:04:22.966-05:00  INFO 94794 --- [spring-boot-2-7-8-spring-security-5-oauth2-multitenant-restless-api-resource-server] [main] .s.d.r.c.RepositoryConfigurationDelegate : Bootstrapping Spring Data JPA repositories in DEFAULT mode.
2025-07-09T08:04:23.025-05:00  INFO 94794 --- [spring-boot-2-7-8-spring-security-5-oauth2-multitenant-restless-api-resource-server] [main] .s.d.r.c.RepositoryConfigurationDelegate : Finished Spring Data repository scanning in 44 ms. Found 2 JPA repository interfaces.
2025-07-09T08:04:23.640-05:00  INFO 94794 --- [spring-boot-2-7-8-spring-security-5-oauth2-multitenant-restless-api-resource-server] [main] o.s.b.w.embedded.tomcat.TomcatWebServer  : Tomcat initialized with port 9090 (http)
2025-07-09T08:04:23.665-05:00  INFO 94794 --- [spring-boot-2-7-8-spring-security-5-oauth2-multitenant-restless-api-resource-server] [main] o.apache.catalina.core.StandardService   : Starting service [Tomcat]
2025-07-09T08:04:23.665-05:00  INFO 94794 --- [spring-boot-2-7-8-spring-security-5-oauth2-multitenant-restless-api-resource-server] [main] o.apache.catalina.core.StandardEngine    : Starting Servlet engine: [Apache Tomcat/10.1.42]
2025-07-09T08:04:23.695-05:00  INFO 94794 --- [spring-boot-2-7-8-spring-security-5-oauth2-multitenant-restless-api-resource-server] [main] o.a.c.c.C.[Tomcat].[localhost].[/]       : Initializing Spring embedded WebApplicationContext
2025-07-09T08:04:23.695-05:00  INFO 94794 --- [spring-boot-2-7-8-spring-security-5-oauth2-multitenant-restless-api-resource-server] [main] w.s.c.ServletWebServerApplicationContext : Root WebApplicationContext: initialization completed in 1727 ms
2025-07-09T08:04:23.980-05:00  INFO 94794 --- [spring-boot-2-7-8-spring-security-5-oauth2-multitenant-restless-api-resource-server] [main] o.hibernate.jpa.internal.util.LogHelper  : HHH000204: Processing PersistenceUnitInfo [name: default]
2025-07-09T08:04:24.062-05:00  INFO 94794 --- [spring-boot-2-7-8-spring-security-5-oauth2-multitenant-restless-api-resource-server] [main] org.hibernate.Version                    : HHH000412: Hibernate ORM core version 6.6.18.Final
2025-07-09T08:04:24.122-05:00  INFO 94794 --- [spring-boot-2-7-8-spring-security-5-oauth2-multitenant-restless-api-resource-server] [main] o.h.c.internal.RegionFactoryInitiator    : HHH000026: Second-level cache disabled
2025-07-09T08:04:24.498-05:00  INFO 94794 --- [spring-boot-2-7-8-spring-security-5-oauth2-multitenant-restless-api-resource-server] [main] o.s.o.j.p.SpringPersistenceUnitInfo      : No LoadTimeWeaver setup: ignoring JPA class transformer
2025-07-09T08:04:24.537-05:00  INFO 94794 --- [spring-boot-2-7-8-spring-security-5-oauth2-multitenant-restless-api-resource-server] [main] com.zaxxer.hikari.HikariDataSource       : HikariPool-1 - Starting...
2025-07-09T08:04:24.944-05:00  INFO 94794 --- [spring-boot-2-7-8-spring-security-5-oauth2-multitenant-restless-api-resource-server] [main] com.zaxxer.hikari.pool.HikariPool        : HikariPool-1 - Added connection com.mysql.cj.jdbc.ConnectionImpl@7c0ff7a0
2025-07-09T08:04:24.946-05:00  INFO 94794 --- [spring-boot-2-7-8-spring-security-5-oauth2-multitenant-restless-api-resource-server] [main] com.zaxxer.hikari.HikariDataSource       : HikariPool-1 - Start completed.
2025-07-09T08:04:25.019-05:00  WARN 94794 --- [spring-boot-2-7-8-spring-security-5-oauth2-multitenant-restless-api-resource-server] [main] org.hibernate.orm.deprecation            : HHH90000025: MySQL8Dialect does not need to be specified explicitly using 'hibernate.dialect' (remove the property setting and it will be selected by default)
2025-07-09T08:04:25.020-05:00  WARN 94794 --- [spring-boot-2-7-8-spring-security-5-oauth2-multitenant-restless-api-resource-server] [main] org.hibernate.orm.deprecation            : HHH90000026: MySQL8Dialect has been deprecated; use org.hibernate.dialect.MySQLDialect instead
2025-07-09T08:04:25.040-05:00  INFO 94794 --- [spring-boot-2-7-8-spring-security-5-oauth2-multitenant-restless-api-resource-server] [main] org.hibernate.orm.connections.pooling    : HHH10001005: Database info:
	Database JDBC URL [Connecting through datasource 'HikariDataSource (HikariPool-1)']
	Database driver: undefined/unknown
	Database version: 8.0
	Autocommit mode: undefined/unknown
	Isolation level: undefined/unknown
	Minimum pool size: undefined/unknown
	Maximum pool size: undefined/unknown
2025-07-09T08:04:25.946-05:00  INFO 94794 --- [spring-boot-2-7-8-spring-security-5-oauth2-multitenant-restless-api-resource-server] [main] o.h.e.t.j.p.i.JtaPlatformInitiator       : HHH000489: No JTA platform available (set 'hibernate.transaction.jta.platform' to enable JTA platform integration)
2025-07-09T08:04:26.176-05:00  INFO 94794 --- [spring-boot-2-7-8-spring-security-5-oauth2-multitenant-restless-api-resource-server] [main] j.LocalContainerEntityManagerFactoryBean : Initialized JPA EntityManagerFactory for persistence unit 'default'
2025-07-09T08:04:26.579-05:00  WARN 94794 --- [spring-boot-2-7-8-spring-security-5-oauth2-multitenant-restless-api-resource-server] [main] JpaBaseConfiguration$JpaWebConfiguration : spring.jpa.open-in-view is enabled by default. Therefore, database queries may be performed during view rendering. Explicitly configure spring.jpa.open-in-view to disable this warning
2025-07-09T08:04:27.249-05:00  INFO 94794 --- [spring-boot-2-7-8-spring-security-5-oauth2-multitenant-restless-api-resource-server] [main] o.s.b.a.e.web.EndpointLinksResolver      : Exposing 1 endpoint beneath base path '/actuator'
2025-07-09T08:04:27.353-05:00  INFO 94794 --- [spring-boot-2-7-8-spring-security-5-oauth2-multitenant-restless-api-resource-server] [main] o.s.b.w.embedded.tomcat.TomcatWebServer  : Tomcat started on port 9090 (http) with context path '/'
2025-07-09T08:04:27.370-05:00  INFO 94794 --- [spring-boot-2-7-8-spring-security-5-oauth2-multitenant-restless-api-resource-server] [main] nantRestlessApiResourceServerApplication : Started SpringBoot278SpringSecurity5Oauth2MultitenantRestlessApiResourceServerApplication in 5.994 seconds (process running for 6.591)
2025-07-09T08:05:35.131-05:00  INFO 94794 --- [spring-boot-2-7-8-spring-security-5-oauth2-multitenant-restless-api-resource-server] [http-nio-9090-exec-2] o.a.c.c.C.[Tomcat].[localhost].[/]       : Initializing Spring DispatcherServlet 'dispatcherServlet'
2025-07-09T08:05:35.134-05:00  INFO 94794 --- [spring-boot-2-7-8-spring-security-5-oauth2-multitenant-restless-api-resource-server] [http-nio-9090-exec-2] o.s.web.servlet.DispatcherServlet        : Initializing Servlet 'dispatcherServlet'
2025-07-09T08:05:35.138-05:00  INFO 94794 --- [spring-boot-2-7-8-spring-security-5-oauth2-multitenant-restless-api-resource-server] [http-nio-9090-exec-2] o.s.web.servlet.DispatcherServlet        : Completed initialization in 4 ms
2025-07-09T10:59:44.503-05:00  INFO 94794 --- [spring-boot-2-7-8-spring-security-5-oauth2-multitenant-restless-api-resource-server] [SpringApplicationShutdownHook] o.s.b.w.e.tomcat.GracefulShutdown        : Commencing graceful shutdown. Waiting for active requests to complete
2025-07-09T10:59:44.596-05:00  INFO 94794 --- [spring-boot-2-7-8-spring-security-5-oauth2-multitenant-restless-api-resource-server] [tomcat-shutdown] o.s.b.w.e.tomcat.GracefulShutdown        : Graceful shutdown complete
2025-07-09T10:59:44.701-05:00  INFO 94794 --- [spring-boot-2-7-8-spring-security-5-oauth2-multitenant-restless-api-resource-server] [SpringApplicationShutdownHook] j.LocalContainerEntityManagerFactoryBean : Closing JPA EntityManagerFactory for persistence unit 'default'
2025-07-09T10:59:44.787-05:00  INFO 94794 --- [spring-boot-2-7-8-spring-security-5-oauth2-multitenant-restless-api-resource-server] [SpringApplicationShutdownHook] com.zaxxer.hikari.HikariDataSource       : HikariPool-1 - Shutdown initiated...
2025-07-09T10:59:44.815-05:00  INFO 94794 --- [spring-boot-2-7-8-spring-security-5-oauth2-multitenant-restless-api-resource-server] [SpringApplicationShutdownHook] com.zaxxer.hikari.HikariDataSource       : HikariPool-1 - Shutdown completed.
2025-07-09T11:03:44.413-05:00  INFO 9830 --- [spring-boot-2-7-8-spring-security-5-oauth2-multitenant-restless-api-resource-server] [main] estlessApiResourceServerApplicationTests : Starting SpringBoot278SpringSecurity5Oauth2MultitenantRestlessApiResourceServerApplicationTests using Java 21.0.6 with PID 9830 (started by bdatta in /Users/bdatta/Documents/KEYCLOAK_UPGRADE/TokenExchange/spring-boot-2-7-8-spring-security-5-oauth2-multitenant-restless-api-resource-server)
2025-07-09T11:03:44.415-05:00  INFO 9830 --- [spring-boot-2-7-8-spring-security-5-oauth2-multitenant-restless-api-resource-server] [main] estlessApiResourceServerApplicationTests : No active profile set, falling back to 1 default profile: "default"
2025-07-09T11:03:45.316-05:00  INFO 9830 --- [spring-boot-2-7-8-spring-security-5-oauth2-multitenant-restless-api-resource-server] [main] .s.d.r.c.RepositoryConfigurationDelegate : Bootstrapping Spring Data JPA repositories in DEFAULT mode.
2025-07-09T11:03:45.386-05:00  INFO 9830 --- [spring-boot-2-7-8-spring-security-5-oauth2-multitenant-restless-api-resource-server] [main] .s.d.r.c.RepositoryConfigurationDelegate : Finished Spring Data repository scanning in 49 ms. Found 2 JPA repository interfaces.
2025-07-09T11:03:45.886-05:00  INFO 9830 --- [spring-boot-2-7-8-spring-security-5-oauth2-multitenant-restless-api-resource-server] [main] o.hibernate.jpa.internal.util.LogHelper  : HHH000204: Processing PersistenceUnitInfo [name: default]
2025-07-09T11:03:45.960-05:00  INFO 9830 --- [spring-boot-2-7-8-spring-security-5-oauth2-multitenant-restless-api-resource-server] [main] org.hibernate.Version                    : HHH000412: Hibernate ORM core version 6.6.18.Final
2025-07-09T11:03:46.000-05:00  INFO 9830 --- [spring-boot-2-7-8-spring-security-5-oauth2-multitenant-restless-api-resource-server] [main] o.h.c.internal.RegionFactoryInitiator    : HHH000026: Second-level cache disabled
2025-07-09T11:03:46.333-05:00  INFO 9830 --- [spring-boot-2-7-8-spring-security-5-oauth2-multitenant-restless-api-resource-server] [main] o.s.o.j.p.SpringPersistenceUnitInfo      : No LoadTimeWeaver setup: ignoring JPA class transformer
2025-07-09T11:03:46.363-05:00  INFO 9830 --- [spring-boot-2-7-8-spring-security-5-oauth2-multitenant-restless-api-resource-server] [main] com.zaxxer.hikari.HikariDataSource       : HikariPool-1 - Starting...
2025-07-09T11:03:46.689-05:00  INFO 9830 --- [spring-boot-2-7-8-spring-security-5-oauth2-multitenant-restless-api-resource-server] [main] com.zaxxer.hikari.pool.HikariPool        : HikariPool-1 - Added connection com.mysql.cj.jdbc.ConnectionImpl@65a80fdb
2025-07-09T11:03:46.691-05:00  INFO 9830 --- [spring-boot-2-7-8-spring-security-5-oauth2-multitenant-restless-api-resource-server] [main] com.zaxxer.hikari.HikariDataSource       : HikariPool-1 - Start completed.
2025-07-09T11:03:46.756-05:00  WARN 9830 --- [spring-boot-2-7-8-spring-security-5-oauth2-multitenant-restless-api-resource-server] [main] org.hibernate.orm.deprecation            : HHH90000025: MySQL8Dialect does not need to be specified explicitly using 'hibernate.dialect' (remove the property setting and it will be selected by default)
2025-07-09T11:03:46.765-05:00  WARN 9830 --- [spring-boot-2-7-8-spring-security-5-oauth2-multitenant-restless-api-resource-server] [main] org.hibernate.orm.deprecation            : HHH90000026: MySQL8Dialect has been deprecated; use org.hibernate.dialect.MySQLDialect instead
2025-07-09T11:03:46.791-05:00  INFO 9830 --- [spring-boot-2-7-8-spring-security-5-oauth2-multitenant-restless-api-resource-server] [main] org.hibernate.orm.connections.pooling    : HHH10001005: Database info:
	Database JDBC URL [Connecting through datasource 'HikariDataSource (HikariPool-1)']
	Database driver: undefined/unknown
	Database version: 8.0
	Autocommit mode: undefined/unknown
	Isolation level: undefined/unknown
	Minimum pool size: undefined/unknown
	Maximum pool size: undefined/unknown
2025-07-09T11:03:47.615-05:00  INFO 9830 --- [spring-boot-2-7-8-spring-security-5-oauth2-multitenant-restless-api-resource-server] [main] o.h.e.t.j.p.i.JtaPlatformInitiator       : HHH000489: No JTA platform available (set 'hibernate.transaction.jta.platform' to enable JTA platform integration)
2025-07-09T11:03:47.746-05:00  INFO 9830 --- [spring-boot-2-7-8-spring-security-5-oauth2-multitenant-restless-api-resource-server] [main] j.LocalContainerEntityManagerFactoryBean : Initialized JPA EntityManagerFactory for persistence unit 'default'
2025-07-09T11:03:48.146-05:00  WARN 9830 --- [spring-boot-2-7-8-spring-security-5-oauth2-multitenant-restless-api-resource-server] [main] JpaBaseConfiguration$JpaWebConfiguration : spring.jpa.open-in-view is enabled by default. Therefore, database queries may be performed during view rendering. Explicitly configure spring.jpa.open-in-view to disable this warning
2025-07-09T11:03:48.959-05:00  INFO 9830 --- [spring-boot-2-7-8-spring-security-5-oauth2-multitenant-restless-api-resource-server] [main] o.s.b.a.e.web.EndpointLinksResolver      : Exposing 1 endpoint beneath base path '/actuator'
2025-07-09T11:03:49.067-05:00  INFO 9830 --- [spring-boot-2-7-8-spring-security-5-oauth2-multitenant-restless-api-resource-server] [main] estlessApiResourceServerApplicationTests : Started SpringBoot278SpringSecurity5Oauth2MultitenantRestlessApiResourceServerApplicationTests in 4.982 seconds (process running for 5.822)
2025-07-09T11:03:49.618-05:00  INFO 9830 --- [spring-boot-2-7-8-spring-security-5-oauth2-multitenant-restless-api-resource-server] [SpringApplicationShutdownHook] j.LocalContainerEntityManagerFactoryBean : Closing JPA EntityManagerFactory for persistence unit 'default'
2025-07-09T11:03:49.620-05:00  INFO 9830 --- [spring-boot-2-7-8-spring-security-5-oauth2-multitenant-restless-api-resource-server] [SpringApplicationShutdownHook] com.zaxxer.hikari.HikariDataSource       : HikariPool-1 - Shutdown initiated...
2025-07-09T11:03:49.628-05:00  INFO 9830 --- [spring-boot-2-7-8-spring-security-5-oauth2-multitenant-restless-api-resource-server] [SpringApplicationShutdownHook] com.zaxxer.hikari.HikariDataSource       : HikariPool-1 - Shutdown completed.
2025-07-09T11:03:56.055-05:00  INFO 9855 --- [spring-boot-2-7-8-spring-security-5-oauth2-multitenant-restless-api-resource-server] [main] nantRestlessApiResourceServerApplication : Starting SpringBoot278SpringSecurity5Oauth2MultitenantRestlessApiResourceServerApplication v0.0.1-SNAPSHOT using Java 21.0.6 with PID 9855 (/Users/bdatta/Documents/KEYCLOAK_UPGRADE/TokenExchange/spring-boot-2-7-8-spring-security-5-oauth2-multitenant-restless-api-resource-server/target/spring-boot-2-7-8-spring-security-5-oauth2-multitenant-restless-api-resource-server-0.0.1-SNAPSHOT.jar started by bdatta in /Users/bdatta/Documents/KEYCLOAK_UPGRADE/TokenExchange/spring-boot-2-7-8-spring-security-5-oauth2-multitenant-restless-api-resource-server)
2025-07-09T11:03:56.057-05:00  INFO 9855 --- [spring-boot-2-7-8-spring-security-5-oauth2-multitenant-restless-api-resource-server] [main] nantRestlessApiResourceServerApplication : The following 1 profile is active: "dynamic"
2025-07-09T11:03:56.904-05:00  INFO 9855 --- [spring-boot-2-7-8-spring-security-5-oauth2-multitenant-restless-api-resource-server] [main] .s.d.r.c.RepositoryConfigurationDelegate : Bootstrapping Spring Data JPA repositories in DEFAULT mode.
2025-07-09T11:03:56.959-05:00  INFO 9855 --- [spring-boot-2-7-8-spring-security-5-oauth2-multitenant-restless-api-resource-server] [main] .s.d.r.c.RepositoryConfigurationDelegate : Finished Spring Data repository scanning in 46 ms. Found 2 JPA repository interfaces.
2025-07-09T11:03:57.467-05:00  INFO 9855 --- [spring-boot-2-7-8-spring-security-5-oauth2-multitenant-restless-api-resource-server] [main] o.s.b.w.embedded.tomcat.TomcatWebServer  : Tomcat initialized with port 9090 (http)
2025-07-09T11:03:57.481-05:00  INFO 9855 --- [spring-boot-2-7-8-spring-security-5-oauth2-multitenant-restless-api-resource-server] [main] o.apache.catalina.core.StandardService   : Starting service [Tomcat]
2025-07-09T11:03:57.482-05:00  INFO 9855 --- [spring-boot-2-7-8-spring-security-5-oauth2-multitenant-restless-api-resource-server] [main] o.apache.catalina.core.StandardEngine    : Starting Servlet engine: [Apache Tomcat/10.1.42]
2025-07-09T11:03:57.513-05:00  INFO 9855 --- [spring-boot-2-7-8-spring-security-5-oauth2-multitenant-restless-api-resource-server] [main] o.a.c.c.C.[Tomcat].[localhost].[/]       : Initializing Spring embedded WebApplicationContext
2025-07-09T11:03:57.513-05:00  INFO 9855 --- [spring-boot-2-7-8-spring-security-5-oauth2-multitenant-restless-api-resource-server] [main] w.s.c.ServletWebServerApplicationContext : Root WebApplicationContext: initialization completed in 1418 ms
2025-07-09T11:03:57.771-05:00  INFO 9855 --- [spring-boot-2-7-8-spring-security-5-oauth2-multitenant-restless-api-resource-server] [main] o.hibernate.jpa.internal.util.LogHelper  : HHH000204: Processing PersistenceUnitInfo [name: default]
2025-07-09T11:03:57.827-05:00  INFO 9855 --- [spring-boot-2-7-8-spring-security-5-oauth2-multitenant-restless-api-resource-server] [main] org.hibernate.Version                    : HHH000412: Hibernate ORM core version 6.6.18.Final
2025-07-09T11:03:57.870-05:00  INFO 9855 --- [spring-boot-2-7-8-spring-security-5-oauth2-multitenant-restless-api-resource-server] [main] o.h.c.internal.RegionFactoryInitiator    : HHH000026: Second-level cache disabled
2025-07-09T11:03:58.139-05:00  INFO 9855 --- [spring-boot-2-7-8-spring-security-5-oauth2-multitenant-restless-api-resource-server] [main] o.s.o.j.p.SpringPersistenceUnitInfo      : No LoadTimeWeaver setup: ignoring JPA class transformer
2025-07-09T11:03:58.169-05:00  INFO 9855 --- [spring-boot-2-7-8-spring-security-5-oauth2-multitenant-restless-api-resource-server] [main] com.zaxxer.hikari.HikariDataSource       : HikariPool-1 - Starting...
2025-07-09T11:03:58.497-05:00  INFO 9855 --- [spring-boot-2-7-8-spring-security-5-oauth2-multitenant-restless-api-resource-server] [main] com.zaxxer.hikari.pool.HikariPool        : HikariPool-1 - Added connection com.mysql.cj.jdbc.ConnectionImpl@5a9051fd
2025-07-09T11:03:58.498-05:00  INFO 9855 --- [spring-boot-2-7-8-spring-security-5-oauth2-multitenant-restless-api-resource-server] [main] com.zaxxer.hikari.HikariDataSource       : HikariPool-1 - Start completed.
2025-07-09T11:03:58.542-05:00  WARN 9855 --- [spring-boot-2-7-8-spring-security-5-oauth2-multitenant-restless-api-resource-server] [main] org.hibernate.orm.deprecation            : HHH90000025: MySQL8Dialect does not need to be specified explicitly using 'hibernate.dialect' (remove the property setting and it will be selected by default)
2025-07-09T11:03:58.544-05:00  WARN 9855 --- [spring-boot-2-7-8-spring-security-5-oauth2-multitenant-restless-api-resource-server] [main] org.hibernate.orm.deprecation            : HHH90000026: MySQL8Dialect has been deprecated; use org.hibernate.dialect.MySQLDialect instead
2025-07-09T11:03:58.563-05:00  INFO 9855 --- [spring-boot-2-7-8-spring-security-5-oauth2-multitenant-restless-api-resource-server] [main] org.hibernate.orm.connections.pooling    : HHH10001005: Database info:
	Database JDBC URL [Connecting through datasource 'HikariDataSource (HikariPool-1)']
	Database driver: undefined/unknown
	Database version: 8.0
	Autocommit mode: undefined/unknown
	Isolation level: undefined/unknown
	Minimum pool size: undefined/unknown
	Maximum pool size: undefined/unknown
2025-07-09T11:03:59.396-05:00  INFO 9855 --- [spring-boot-2-7-8-spring-security-5-oauth2-multitenant-restless-api-resource-server] [main] o.h.e.t.j.p.i.JtaPlatformInitiator       : HHH000489: No JTA platform available (set 'hibernate.transaction.jta.platform' to enable JTA platform integration)
2025-07-09T11:03:59.479-05:00  INFO 9855 --- [spring-boot-2-7-8-spring-security-5-oauth2-multitenant-restless-api-resource-server] [main] j.LocalContainerEntityManagerFactoryBean : Initialized JPA EntityManagerFactory for persistence unit 'default'
2025-07-09T11:03:59.828-05:00  WARN 9855 --- [spring-boot-2-7-8-spring-security-5-oauth2-multitenant-restless-api-resource-server] [main] JpaBaseConfiguration$JpaWebConfiguration : spring.jpa.open-in-view is enabled by default. Therefore, database queries may be performed during view rendering. Explicitly configure spring.jpa.open-in-view to disable this warning
2025-07-09T11:04:00.443-05:00  INFO 9855 --- [spring-boot-2-7-8-spring-security-5-oauth2-multitenant-restless-api-resource-server] [main] o.s.b.a.e.web.EndpointLinksResolver      : Exposing 1 endpoint beneath base path '/actuator'
2025-07-09T11:04:00.540-05:00  INFO 9855 --- [spring-boot-2-7-8-spring-security-5-oauth2-multitenant-restless-api-resource-server] [main] o.s.b.w.embedded.tomcat.TomcatWebServer  : Tomcat started on port 9090 (http) with context path '/'
2025-07-09T11:04:00.555-05:00  INFO 9855 --- [spring-boot-2-7-8-spring-security-5-oauth2-multitenant-restless-api-resource-server] [main] nantRestlessApiResourceServerApplication : Started SpringBoot278SpringSecurity5Oauth2MultitenantRestlessApiResourceServerApplication in 4.966 seconds (process running for 5.393)
2025-07-09T11:04:36.995-05:00  INFO 9855 --- [spring-boot-2-7-8-spring-security-5-oauth2-multitenant-restless-api-resource-server] [http-nio-9090-exec-2] o.a.c.c.C.[Tomcat].[localhost].[/]       : Initializing Spring DispatcherServlet 'dispatcherServlet'
2025-07-09T11:04:36.998-05:00  INFO 9855 --- [spring-boot-2-7-8-spring-security-5-oauth2-multitenant-restless-api-resource-server] [http-nio-9090-exec-2] o.s.web.servlet.DispatcherServlet        : Initializing Servlet 'dispatcherServlet'
2025-07-09T11:04:37.004-05:00  INFO 9855 --- [spring-boot-2-7-8-spring-security-5-oauth2-multitenant-restless-api-resource-server] [http-nio-9090-exec-2] o.s.web.servlet.DispatcherServlet        : Completed initialization in 5 ms
2025-07-09T11:08:43.578-05:00  INFO 9855 --- [spring-boot-2-7-8-spring-security-5-oauth2-multitenant-restless-api-resource-server] [SpringApplicationShutdownHook] o.s.b.w.e.tomcat.GracefulShutdown        : Commencing graceful shutdown. Waiting for active requests to complete
2025-07-09T11:08:43.589-05:00  INFO 9855 --- [spring-boot-2-7-8-spring-security-5-oauth2-multitenant-restless-api-resource-server] [tomcat-shutdown] o.s.b.w.e.tomcat.GracefulShutdown        : Graceful shutdown complete
2025-07-09T11:08:43.599-05:00  INFO 9855 --- [spring-boot-2-7-8-spring-security-5-oauth2-multitenant-restless-api-resource-server] [SpringApplicationShutdownHook] j.LocalContainerEntityManagerFactoryBean : Closing JPA EntityManagerFactory for persistence unit 'default'
2025-07-09T11:08:43.608-05:00  INFO 9855 --- [spring-boot-2-7-8-spring-security-5-oauth2-multitenant-restless-api-resource-server] [SpringApplicationShutdownHook] com.zaxxer.hikari.HikariDataSource       : HikariPool-1 - Shutdown initiated...
2025-07-09T11:08:43.617-05:00  INFO 9855 --- [spring-boot-2-7-8-spring-security-5-oauth2-multitenant-restless-api-resource-server] [SpringApplicationShutdownHook] com.zaxxer.hikari.HikariDataSource       : HikariPool-1 - Shutdown completed.
